<?xml version="1.0" encoding="UTF-8"?>
<!-- Generated by org.testng.reporters.JUnitReportReporter -->
<testsuite hostname="LAPTOP-E2PSIL5I" failures="0" tests="1" name="demo.DemoClassTest2" time="0.036" errors="0" timestamp="2023-01-18T10:45:28 IST" skipped="0">
  <testcase classname="demo.DemoClassTest2" name="demoTest1" time="0.036"/>
  <system-out/>
</testsuite> <!-- demo.DemoClassTest2 -->
