<?xml version="1.0" encoding="UTF-8"?>
<!-- Generated by org.testng.reporters.JUnitReportReporter -->
<testsuite hostname="LAPTOP-E2PSIL5I" failures="0" tests="1" name="demo.DemoClassTest" time="0.044" errors="0" timestamp="2023-01-17T11:42:47 IST" skipped="0">
  <testcase classname="demo.DemoClassTest" name="demoTest" time="0.044"/>
  <system-out/>
</testsuite> <!-- demo.DemoClassTest -->
