<?xml version="1.0" encoding="UTF-8"?>
<!-- Generated by org.testng.reporters.JUnitReportReporter -->
<testsuite hostname="LAPTOP-E2PSIL5I" failures="0" tests="1" name="testPackage.NewclassTest" time="0.021" errors="0" timestamp="2023-01-18T11:06:59 IST" skipped="0">
  <testcase classname="testPackage.NewclassTest" name="newTest" time="0.021"/>
  <system-out/>
</testsuite> <!-- testPackage.NewclassTest -->
