<?xml version="1.0" encoding="UTF-8"?>
<!-- Generated by org.testng.reporters.JUnitReportReporter -->
<testsuite hostname="LAPTOP-E2PSIL5I" failures="0" tests="5" name="testPackage.NewclassTest" time="0.036" errors="0" timestamp="2023-01-20T10:14:34 IST" skipped="0">
  <testcase classname="testPackage.NewclassTest" name="newTest" time="0.001"/>
  <system-out/>
  <testcase classname="testPackage.NewclassTest" name="addByLeadTest" time="0.022"/>
  <system-out/>
  <testcase classname="testPackage.NewclassTest" name="addedTest" time="0.003"/>
  <system-out/>
  <testcase classname="testPackage.NewclassTest" name="collaboratorTest" time="0.003"/>
  <system-out/>
  <testcase classname="testPackage.NewclassTest" name="newcollabTest" time="0.007"/>
  <system-out/>
</testsuite> <!-- testPackage.NewclassTest -->
